<?xml version="1.0" encoding="UTF-8"?>
<!-- Generated by org.testng.reporters.JUnitReportReporter -->
<testsuite skipped="1" hostname="AvinashAradhya" name="Scripts.InvalidLogin" tests="1" failures="0" timestamp="27 Feb 2018 18:16:52 GMT" time="0.000" errors="0">
  <testcase name="testInValidLogin" time="0.000" classname="Scripts.InvalidLogin">
    <skipped/>
  </testcase> <!-- testInValidLogin -->
</testsuite> <!-- Scripts.InvalidLogin -->
